[2024-02-05T16:29:23.239+0000] {taskinstance.py:1956} INFO - Dependencies all met for dep_context=non-requeueable deps ti=<TaskInstance: dag_crypto_ETL.transform_to_pandas manual__2024-02-05T16:29:19.510361+00:00 [queued]>
[2024-02-05T16:29:23.251+0000] {taskinstance.py:1956} INFO - Dependencies all met for dep_context=requeueable deps ti=<TaskInstance: dag_crypto_ETL.transform_to_pandas manual__2024-02-05T16:29:19.510361+00:00 [queued]>
[2024-02-05T16:29:23.252+0000] {taskinstance.py:2170} INFO - Starting attempt 1 of 1
[2024-02-05T16:29:23.272+0000] {taskinstance.py:2191} INFO - Executing <Task(PythonOperator): transform_to_pandas> on 2024-02-05 16:29:19.510361+00:00
[2024-02-05T16:29:23.277+0000] {standard_task_runner.py:60} INFO - Started process 2010 to run task
[2024-02-05T16:29:23.282+0000] {standard_task_runner.py:87} INFO - Running: ['***', 'tasks', 'run', 'dag_crypto_ETL', 'transform_to_pandas', 'manual__2024-02-05T16:29:19.510361+00:00', '--job-id', '21', '--raw', '--subdir', 'DAGS_FOLDER/dag_v1.py', '--cfg-path', '/tmp/tmp8vdmjqis']
[2024-02-05T16:29:23.286+0000] {standard_task_runner.py:88} INFO - Job 21: Subtask transform_to_pandas
[2024-02-05T16:29:23.356+0000] {task_command.py:423} INFO - Running <TaskInstance: dag_crypto_ETL.transform_to_pandas manual__2024-02-05T16:29:19.510361+00:00 [running]> on host 0fd5da028511
[2024-02-05T16:29:23.677+0000] {taskinstance.py:2480} INFO - Exporting env vars: AIRFLOW_CTX_DAG_OWNER='***' AIRFLOW_CTX_DAG_ID='dag_crypto_ETL' AIRFLOW_CTX_TASK_ID='transform_to_pandas' AIRFLOW_CTX_EXECUTION_DATE='2024-02-05T16:29:19.510361+00:00' AIRFLOW_CTX_TRY_NUMBER='1' AIRFLOW_CTX_DAG_RUN_ID='manual__2024-02-05T16:29:19.510361+00:00'
[2024-02-05T16:29:23.704+0000] {logging_mixin.py:188} INFO - Total number of rows 2
[2024-02-05T16:29:23.737+0000] {logging_mixin.py:188} INFO -      id  ...                                              quote
0  1114  ...  {'USD': {'price': 0.9306103284582898, 'volume_...
1  9739  ...  {'USD': {'price': 0.2856602372165473, 'volume_...
2  9573  ...  {'USD': {'price': 0.08370614601924742, 'volume...
3   678  ...  {'USD': {'price': 0.766169453233668, 'volume_2...
4  1305  ...  {'USD': {'price': 0.7451762515089146, 'volume_...
5  3380  ...  {'USD': {'price': 0.23247907488371622, 'volume...
6  4702  ...  {'USD': {'price': 0.4142380978428475, 'volume_...
7  8050  ...  {'USD': {'price': 0.10239689452204015, 'volume...
8  7024  ...  {'USD': {'price': 0.5542947921484025, 'volume_...
9  7689  ...  {'USD': {'price': 0.7216519698750778, 'volume_...

[10 rows x 17 columns]
[2024-02-05T16:29:23.748+0000] {python.py:201} INFO - Done. Returned value was:      id  ...                                              quote
0  1114  ...  {'USD': {'price': 0.9306103284582898, 'volume_...
1  9739  ...  {'USD': {'price': 0.2856602372165473, 'volume_...
2  9573  ...  {'USD': {'price': 0.08370614601924742, 'volume...
3   678  ...  {'USD': {'price': 0.766169453233668, 'volume_2...
4  1305  ...  {'USD': {'price': 0.7451762515089146, 'volume_...
5  3380  ...  {'USD': {'price': 0.23247907488371622, 'volume...
6  4702  ...  {'USD': {'price': 0.4142380978428475, 'volume_...
7  8050  ...  {'USD': {'price': 0.10239689452204015, 'volume...
8  7024  ...  {'USD': {'price': 0.5542947921484025, 'volume_...
9  7689  ...  {'USD': {'price': 0.7216519698750778, 'volume_...

[10 rows x 17 columns]
[2024-02-05T16:29:23.841+0000] {taskinstance.py:1138} INFO - Marking task as SUCCESS. dag_id=dag_crypto_ETL, task_id=transform_to_pandas, execution_date=20240205T162919, start_date=20240205T162923, end_date=20240205T162923
[2024-02-05T16:29:23.863+0000] {local_task_job_runner.py:234} INFO - Task exited with return code 0
[2024-02-05T16:29:23.882+0000] {taskinstance.py:3280} INFO - 0 downstream tasks scheduled from follow-on schedule check
