[2024-02-05T16:31:44.193+0000] {taskinstance.py:1956} INFO - Dependencies all met for dep_context=non-requeueable deps ti=<TaskInstance: dag_crypto_ETL.transform_to_pandas manual__2024-02-05T16:31:41.035231+00:00 [queued]>
[2024-02-05T16:31:44.205+0000] {taskinstance.py:1956} INFO - Dependencies all met for dep_context=requeueable deps ti=<TaskInstance: dag_crypto_ETL.transform_to_pandas manual__2024-02-05T16:31:41.035231+00:00 [queued]>
[2024-02-05T16:31:44.207+0000] {taskinstance.py:2170} INFO - Starting attempt 1 of 1
[2024-02-05T16:31:44.223+0000] {taskinstance.py:2191} INFO - Executing <Task(PythonOperator): transform_to_pandas> on 2024-02-05 16:31:41.035231+00:00
[2024-02-05T16:31:44.228+0000] {standard_task_runner.py:60} INFO - Started process 2070 to run task
[2024-02-05T16:31:44.232+0000] {standard_task_runner.py:87} INFO - Running: ['***', 'tasks', 'run', 'dag_crypto_ETL', 'transform_to_pandas', 'manual__2024-02-05T16:31:41.035231+00:00', '--job-id', '23', '--raw', '--subdir', 'DAGS_FOLDER/dag_v1.py', '--cfg-path', '/tmp/tmp6mvztf5s']
[2024-02-05T16:31:44.235+0000] {standard_task_runner.py:88} INFO - Job 23: Subtask transform_to_pandas
[2024-02-05T16:31:44.291+0000] {task_command.py:423} INFO - Running <TaskInstance: dag_crypto_ETL.transform_to_pandas manual__2024-02-05T16:31:41.035231+00:00 [running]> on host 0fd5da028511
[2024-02-05T16:31:44.539+0000] {taskinstance.py:2480} INFO - Exporting env vars: AIRFLOW_CTX_DAG_OWNER='***' AIRFLOW_CTX_DAG_ID='dag_crypto_ETL' AIRFLOW_CTX_TASK_ID='transform_to_pandas' AIRFLOW_CTX_EXECUTION_DATE='2024-02-05T16:31:41.035231+00:00' AIRFLOW_CTX_TRY_NUMBER='1' AIRFLOW_CTX_DAG_RUN_ID='manual__2024-02-05T16:31:41.035231+00:00'
[2024-02-05T16:31:44.556+0000] {logging_mixin.py:188} INFO - Total number of rows 2
[2024-02-05T16:31:44.586+0000] {logging_mixin.py:188} INFO -      id  ...                                              quote
0  6910  ...  {'USD': {'price': 0.12248411260197645, 'volume...
1  9404  ...  {'USD': {'price': 0.4609925079424815, 'volume_...
2  2823  ...  {'USD': {'price': 0.880700165368034, 'volume_2...
3  2535  ...  {'USD': {'price': 0.34459512082828914, 'volume...
4   759  ...  {'USD': {'price': 0.21404751598202743, 'volume...
5  4549  ...  {'USD': {'price': 0.42499782666658303, 'volume...
6  8424  ...  {'USD': {'price': 0.669939043710609, 'volume_2...
7  3489  ...  {'USD': {'price': 0.7656857469137839, 'volume_...
8  4309  ...  {'USD': {'price': 0.3973611437743332, 'volume_...
9  2931  ...  {'USD': {'price': 0.9436686416200359, 'volume_...

[10 rows x 17 columns]
[2024-02-05T16:31:44.589+0000] {python.py:201} INFO - Done. Returned value was:      id  ...                                              quote
0  6910  ...  {'USD': {'price': 0.12248411260197645, 'volume...
1  9404  ...  {'USD': {'price': 0.4609925079424815, 'volume_...
2  2823  ...  {'USD': {'price': 0.880700165368034, 'volume_2...
3  2535  ...  {'USD': {'price': 0.34459512082828914, 'volume...
4   759  ...  {'USD': {'price': 0.21404751598202743, 'volume...
5  4549  ...  {'USD': {'price': 0.42499782666658303, 'volume...
6  8424  ...  {'USD': {'price': 0.669939043710609, 'volume_2...
7  3489  ...  {'USD': {'price': 0.7656857469137839, 'volume_...
8  4309  ...  {'USD': {'price': 0.3973611437743332, 'volume_...
9  2931  ...  {'USD': {'price': 0.9436686416200359, 'volume_...

[10 rows x 17 columns]
[2024-02-05T16:31:44.655+0000] {taskinstance.py:1138} INFO - Marking task as SUCCESS. dag_id=dag_crypto_ETL, task_id=transform_to_pandas, execution_date=20240205T163141, start_date=20240205T163144, end_date=20240205T163144
[2024-02-05T16:31:44.687+0000] {local_task_job_runner.py:234} INFO - Task exited with return code 0
[2024-02-05T16:31:44.708+0000] {taskinstance.py:3280} INFO - 0 downstream tasks scheduled from follow-on schedule check
