[2024-02-05T16:24:22.290+0000] {taskinstance.py:1956} INFO - Dependencies all met for dep_context=non-requeueable deps ti=<TaskInstance: dag_crypto_ETL.transform_to_pandas manual__2024-02-05T16:24:19.386904+00:00 [queued]>
[2024-02-05T16:24:22.302+0000] {taskinstance.py:1956} INFO - Dependencies all met for dep_context=requeueable deps ti=<TaskInstance: dag_crypto_ETL.transform_to_pandas manual__2024-02-05T16:24:19.386904+00:00 [queued]>
[2024-02-05T16:24:22.303+0000] {taskinstance.py:2170} INFO - Starting attempt 1 of 1
[2024-02-05T16:24:22.321+0000] {taskinstance.py:2191} INFO - Executing <Task(PythonOperator): transform_to_pandas> on 2024-02-05 16:24:19.386904+00:00
[2024-02-05T16:24:22.327+0000] {standard_task_runner.py:60} INFO - Started process 1872 to run task
[2024-02-05T16:24:22.330+0000] {standard_task_runner.py:87} INFO - Running: ['***', 'tasks', 'run', 'dag_crypto_ETL', 'transform_to_pandas', 'manual__2024-02-05T16:24:19.386904+00:00', '--job-id', '17', '--raw', '--subdir', 'DAGS_FOLDER/dag_v1.py', '--cfg-path', '/tmp/tmpr132mh1s']
[2024-02-05T16:24:22.334+0000] {standard_task_runner.py:88} INFO - Job 17: Subtask transform_to_pandas
[2024-02-05T16:24:22.395+0000] {task_command.py:423} INFO - Running <TaskInstance: dag_crypto_ETL.transform_to_pandas manual__2024-02-05T16:24:19.386904+00:00 [running]> on host 0fd5da028511
[2024-02-05T16:24:22.657+0000] {taskinstance.py:2480} INFO - Exporting env vars: AIRFLOW_CTX_DAG_OWNER='***' AIRFLOW_CTX_DAG_ID='dag_crypto_ETL' AIRFLOW_CTX_TASK_ID='transform_to_pandas' AIRFLOW_CTX_EXECUTION_DATE='2024-02-05T16:24:19.386904+00:00' AIRFLOW_CTX_TRY_NUMBER='1' AIRFLOW_CTX_DAG_RUN_ID='manual__2024-02-05T16:24:19.386904+00:00'
[2024-02-05T16:24:22.690+0000] {logging_mixin.py:188} INFO - Total number of rows 2
[2024-02-05T16:24:22.745+0000] {logging_mixin.py:188} INFO -      id  ...                                              quote
0  8008  ...  {'USD': {'price': 0.9396707607171679, 'volume_...
1  3923  ...  {'USD': {'price': 0.8925114139338421, 'volume_...
2  6650  ...  {'USD': {'price': 0.8624604115639167, 'volume_...
3  9377  ...  {'USD': {'price': 0.2921262914830416, 'volume_...
4  7648  ...  {'USD': {'price': 0.6783720933796795, 'volume_...
5  2235  ...  {'USD': {'price': 0.9804229973325262, 'volume_...
6  3523  ...  {'USD': {'price': 0.2855232559486869, 'volume_...
7   219  ...  {'USD': {'price': 0.7494963291746255, 'volume_...
8  7525  ...  {'USD': {'price': 0.5362747985812748, 'volume_...
9  7651  ...  {'USD': {'price': 0.33297793918327523, 'volume...

[10 rows x 17 columns]
[2024-02-05T16:24:22.746+0000] {python.py:201} INFO - Done. Returned value was:      id  ...                                              quote
0  8008  ...  {'USD': {'price': 0.9396707607171679, 'volume_...
1  3923  ...  {'USD': {'price': 0.8925114139338421, 'volume_...
2  6650  ...  {'USD': {'price': 0.8624604115639167, 'volume_...
3  9377  ...  {'USD': {'price': 0.2921262914830416, 'volume_...
4  7648  ...  {'USD': {'price': 0.6783720933796795, 'volume_...
5  2235  ...  {'USD': {'price': 0.9804229973325262, 'volume_...
6  3523  ...  {'USD': {'price': 0.2855232559486869, 'volume_...
7   219  ...  {'USD': {'price': 0.7494963291746255, 'volume_...
8  7525  ...  {'USD': {'price': 0.5362747985812748, 'volume_...
9  7651  ...  {'USD': {'price': 0.33297793918327523, 'volume...

[10 rows x 17 columns]
[2024-02-05T16:24:22.923+0000] {taskinstance.py:1138} INFO - Marking task as SUCCESS. dag_id=dag_crypto_ETL, task_id=transform_to_pandas, execution_date=20240205T162419, start_date=20240205T162422, end_date=20240205T162422
[2024-02-05T16:24:22.948+0000] {local_task_job_runner.py:234} INFO - Task exited with return code 0
[2024-02-05T16:24:22.964+0000] {taskinstance.py:3280} INFO - 0 downstream tasks scheduled from follow-on schedule check
