[2024-02-05T16:25:47.904+0000] {taskinstance.py:1956} INFO - Dependencies all met for dep_context=non-requeueable deps ti=<TaskInstance: dag_crypto_ETL.transform_to_pandas manual__2024-02-05T16:25:44.158199+00:00 [queued]>
[2024-02-05T16:25:47.917+0000] {taskinstance.py:1956} INFO - Dependencies all met for dep_context=requeueable deps ti=<TaskInstance: dag_crypto_ETL.transform_to_pandas manual__2024-02-05T16:25:44.158199+00:00 [queued]>
[2024-02-05T16:25:47.918+0000] {taskinstance.py:2170} INFO - Starting attempt 1 of 1
[2024-02-05T16:25:47.938+0000] {taskinstance.py:2191} INFO - Executing <Task(PythonOperator): transform_to_pandas> on 2024-02-05 16:25:44.158199+00:00
[2024-02-05T16:25:47.943+0000] {standard_task_runner.py:60} INFO - Started process 1914 to run task
[2024-02-05T16:25:47.948+0000] {standard_task_runner.py:87} INFO - Running: ['***', 'tasks', 'run', 'dag_crypto_ETL', 'transform_to_pandas', 'manual__2024-02-05T16:25:44.158199+00:00', '--job-id', '19', '--raw', '--subdir', 'DAGS_FOLDER/dag_v1.py', '--cfg-path', '/tmp/tmpjj5mrcyl']
[2024-02-05T16:25:47.957+0000] {standard_task_runner.py:88} INFO - Job 19: Subtask transform_to_pandas
[2024-02-05T16:25:48.019+0000] {task_command.py:423} INFO - Running <TaskInstance: dag_crypto_ETL.transform_to_pandas manual__2024-02-05T16:25:44.158199+00:00 [running]> on host 0fd5da028511
[2024-02-05T16:25:48.269+0000] {taskinstance.py:2480} INFO - Exporting env vars: AIRFLOW_CTX_DAG_OWNER='***' AIRFLOW_CTX_DAG_ID='dag_crypto_ETL' AIRFLOW_CTX_TASK_ID='transform_to_pandas' AIRFLOW_CTX_EXECUTION_DATE='2024-02-05T16:25:44.158199+00:00' AIRFLOW_CTX_TRY_NUMBER='1' AIRFLOW_CTX_DAG_RUN_ID='manual__2024-02-05T16:25:44.158199+00:00'
[2024-02-05T16:25:48.284+0000] {logging_mixin.py:188} INFO - Total number of rows 2
[2024-02-05T16:25:48.313+0000] {logging_mixin.py:188} INFO -      id  ...                                              quote
0  9510  ...  {'USD': {'price': 0.5875607609116369, 'volume_...
1  2553  ...  {'USD': {'price': 0.12697135881409594, 'volume...
2  4054  ...  {'USD': {'price': 0.31094582646872637, 'volume...
3  6155  ...  {'USD': {'price': 0.7507721430327627, 'volume_...
4   130  ...  {'USD': {'price': 0.09716104262053604, 'volume...
5  8110  ...  {'USD': {'price': 0.6607776455234493, 'volume_...
6  6145  ...  {'USD': {'price': 0.4556603934370762, 'volume_...
7  1590  ...  {'USD': {'price': 0.4198607432318, 'volume_24h...
8  2508  ...  {'USD': {'price': 0.632898861426056, 'volume_2...
9  4379  ...  {'USD': {'price': 0.22585257313787355, 'volume...

[10 rows x 17 columns]
[2024-02-05T16:25:48.315+0000] {python.py:201} INFO - Done. Returned value was:      id  ...                                              quote
0  9510  ...  {'USD': {'price': 0.5875607609116369, 'volume_...
1  2553  ...  {'USD': {'price': 0.12697135881409594, 'volume...
2  4054  ...  {'USD': {'price': 0.31094582646872637, 'volume...
3  6155  ...  {'USD': {'price': 0.7507721430327627, 'volume_...
4   130  ...  {'USD': {'price': 0.09716104262053604, 'volume...
5  8110  ...  {'USD': {'price': 0.6607776455234493, 'volume_...
6  6145  ...  {'USD': {'price': 0.4556603934370762, 'volume_...
7  1590  ...  {'USD': {'price': 0.4198607432318, 'volume_24h...
8  2508  ...  {'USD': {'price': 0.632898861426056, 'volume_2...
9  4379  ...  {'USD': {'price': 0.22585257313787355, 'volume...

[10 rows x 17 columns]
[2024-02-05T16:25:48.403+0000] {taskinstance.py:1138} INFO - Marking task as SUCCESS. dag_id=dag_crypto_ETL, task_id=transform_to_pandas, execution_date=20240205T162544, start_date=20240205T162547, end_date=20240205T162548
[2024-02-05T16:25:48.455+0000] {local_task_job_runner.py:234} INFO - Task exited with return code 0
[2024-02-05T16:25:48.482+0000] {taskinstance.py:3280} INFO - 0 downstream tasks scheduled from follow-on schedule check
